<?xml version='1.0' encoding='UTF-8'?>
<testsuite hostname="SwigSwag" name="HelloSpec" tests="1" errors="0" failures="0" skipped="0" time="5.198" timestamp="2025-08-11T14:14:34">
          <properties>
      <property name="java.specification.version" value="17"/><property name="sun.jnu.encoding" value="UTF-8"/><property name="sun.arch.data.model" value="64"/><property name="java.vendor.url" value="https://ubuntu.com/"/><property name="sun.boot.library.path" value="/usr/lib/jvm/java-17-openjdk-amd64/lib"/><property name="sun.java.command" value="/home/swaggo/.cache/sbt/boot/sbt-launch/1.9.7/sbt-launch-1.9.7.jar test"/><property name="jdk.debug" value="release"/><property name="sun.stderr.encoding" value="UTF-8"/><property name="java.specification.vendor" value="Oracle Corporation"/><property name="java.version.date" value="2025-04-15"/><property name="java.home" value="/usr/lib/jvm/java-17-openjdk-amd64"/><property name="file.separator" value="/"/><property name="java.vm.compressedOopsMode" value="32-bit"/><property name="line.separator" value="
"/><property name="sun.stdout.encoding" value="UTF-8"/><property name="java.vm.specification.vendor" value="Oracle Corporation"/><property name="java.specification.name" value="Java Platform API Specification"/><property name="sun.management.compiler" value="HotSpot 64-Bit Tiered Compilers"/><property name="java.runtime.version" value="17.0.15+6-Ubuntu-0ubuntu122.04"/><property name="user.name" value="swaggo"/><property name="log4j.ignoreTCL" value="true"/><property name="file.encoding" value="UTF-8"/><property name="jnidispatch.path" value="/home/swaggo/.cache/JNA/temp/jna9630010225321059402.tmp"/><property name="jna.loaded" value="true"/><property name="java.io.tmpdir" value="/tmp"/><property name="java.version" value="17.0.15"/><property name="java.vm.specification.name" value="Java Virtual Machine Specification"/><property name="native.encoding" value="UTF-8"/><property name="java.library.path" value="/usr/java/packages/lib:/usr/lib/x86_64-linux-gnu/jni:/lib/x86_64-linux-gnu:/usr/lib/x86_64-linux-gnu:/usr/lib/jni:/lib:/usr/lib"/><property name="java.vendor" value="Ubuntu"/><property name="java.specification.maintenance.version" value="1"/><property name="scala.ext.dirs" value="/home/swaggo/.sbt/1.0/java9-rt-ext-ubuntu_17_0_15"/><property name="sun.io.unicode.encoding" value="UnicodeLittle"/><property name="java.class.path" value="/home/swaggo/.cache/sbt/boot/sbt-launch/1.9.7/sbt-launch-1.9.7.jar"/><property name="java.vm.vendor" value="Ubuntu"/><property name="jline.shutdownhook" value="false"/><property name="user.timezone" value="Europe/Copenhagen"/><property name="java.vm.specification.version" value="17"/><property name="os.name" value="Linux"/><property name="sun.java.launcher" value="SUN_STANDARD"/><property name="user.country" value="US"/><property name="sun.cpu.endian" value="little"/><property name="user.home" value="/home/swaggo"/><property name="user.language" value="en"/><property name="sbt.script" value="/usr/local/bin/sbt"/><property name="sbt.ipcsocket.tmpdir" value="/run/user/1000/.sbt39ac68a2/ipcsocket"/><property name="swoval.tmpdir" value="/run/user/1000/.sbt39ac68a2/swoval"/><property name="jline.esc.timeout" value="0"/><property name="path.separator" value=":"/><property name="os.version" value="6.5.0-35-generic"/><property name="jna.nosys" value="true"/><property name="java.runtime.name" value="OpenJDK Runtime Environment"/><property name="java.vm.name" value="OpenJDK 64-Bit Server VM"/><property name="jna.platform.library.path" value="/usr/lib/x86_64-linux-gnu:/lib/x86_64-linux-gnu:/usr/lib64:/lib64:/usr/lib:/lib:/lib/i386-linux-gnu:/libx32:/lib32:/lib/i386-linux-gnu/sse2:/usr/lib/x86_64-linux-gnu/libfakeroot"/><property name="java.vendor.url.bug" value="https://bugs.launchpad.net/ubuntu/+source/openjdk-17"/><property name="user.dir" value="/home/swaggo/code/lab1"/><property name="os.arch" value="amd64"/><property name="java.vm.info" value="mixed mode, sharing"/><property name="java.vm.version" value="17.0.15+6-Ubuntu-0ubuntu122.04"/><property name="java.class.version" value="61.0"/>
    </properties>
          <testcase classname="HelloSpec" name="Hello should just print the LED value" time="5.198">
                      
                    </testcase>
          <system-out><![CDATA[]]></system-out>
          <system-err><![CDATA[]]></system-err>
        </testsuite>