<?xml version='1.0' encoding='UTF-8'?>
<testsuite hostname="Loff-pc" name="tester" tests="1" errors="0" failures="0" skipped="0" time="8.609" timestamp="2025-08-27T12:46:48">
          <properties>
      <property name="jline.esc.timeout" value="0"/><property name="java.runtime.name" value="OpenJDK Runtime Environment"/><property name="sun.boot.library.path" value="C:\Program Files (x86)\Eclipse Adoptium\jdk-8.0.412.8-hotspot\jre\bin"/><property name="java.vm.version" value="25.412-b08"/><property name="user.country.format" value="DK"/><property name="java.vm.vendor" value="Temurin"/><property name="java.vendor.url" value="https://adoptium.net/"/><property name="path.separator" value=";"/><property name="jna.loaded" value="true"/><property name="java.vm.name" value="OpenJDK Client VM"/><property name="file.encoding.pkg" value="sun.io"/><property name="user.country" value="US"/><property name="user.script" value=""/><property name="sun.java.launcher" value="SUN_STANDARD"/><property name="sun.os.patch.level" value=""/><property name="jna.nosys" value="true"/><property name="java.vm.specification.name" value="Java Virtual Machine Specification"/><property name="user.dir" value="C:\Users\soren\new\NoC-Router"/><property name="java.runtime.version" value="1.8.0_412-b08"/><property name="java.awt.graphicsenv" value="sun.awt.Win32GraphicsEnvironment"/><property name="java.endorsed.dirs" value="C:\Program Files (x86)\Eclipse Adoptium\jdk-8.0.412.8-hotspot\jre\lib\endorsed"/><property name="os.arch" value="x86"/><property name="java.io.tmpdir" value="C:\Users\soren\AppData\Local\Temp\"/><property name="line.separator" value="
"/><property name="java.vm.specification.vendor" value="Oracle Corporation"/><property name="log4j.ignoreTCL" value="true"/><property name="user.variant" value=""/><property name="os.name" value="Windows 11"/><property name="sun.jnu.encoding" value="Cp1252"/><property name="jnidispatch.path" value="C:\Users\soren\AppData\Local\Temp\jna-109624511\jna7414285855504690839.dll"/><property name="java.library.path" value="C:\Program Files (x86)\Eclipse Adoptium\jdk-8.0.412.8-hotspot\bin;C:\WINDOWS\Sun\Java\bin;C:\WINDOWS\system32;C:\WINDOWS;C:\Python311\Scripts\;C:\Python311\;C:\Program Files (x86)\Eclipse Adoptium\jdk-8.0.412.8-hotspot\bin;C:\WINDOWS\system32;C:\WINDOWS;C:\WINDOWS\System32\Wbem;C:\WINDOWS\System32\WindowsPowerShell\v1.0\;C:\WINDOWS\System32\OpenSSH\;C:\Program Files\nodejs\;C:\ProgramData\chocolatey\bin;C:\Program Files\Git\cmd;C:\Program Files (x86)\sbt\bin;C:\Program Files\PuTTY\;C:\Program Files\Vagrant\bin;C:\Program Files\MATLAB\R2024b\bin;C:\Users\soren\AppData\Local\Programs\Python\Python312\Scripts\;C:\Users\soren\AppData\Local\Programs\Python\Python312\;C:\Users\soren\AppData\Local\Microsoft\WindowsApps;C:\Users\soren\AppData\Local\Programs\Microsoft VS Code\bin;C:\Users\soren\AppData\Roaming\npm;C:\Program Files\JetBrains\IntelliJ IDEA Community Edition 2023.3.3\bin;C:\Users\soren\AppData\Local\Coursier\data\bin;C:\Users\soren\AppData\Local\GitHubDesktop\bin;C:\ProgramData\mingw64\mingw64\bin;C:\Users\soren\AppData\Local\Microsoft\WindowsApps;c:\Users\soren\.vscode\extensions\ms-python.debugpy-2025.10.0-win32-x64\bundled\scripts\noConfigScripts;c:\Users\soren\AppData\Roaming\Code\User\globalStorage\github.copilot-chat\debugCommand;."/><property name="java.specification.name" value="Java Platform API Specification"/><property name="java.class.version" value="52.0"/><property name="sbt.ipcsocket.tmpdir" value="C:\Users\soren\AppData\Local\Temp\.sbtff1fb780\ipcsocket"/><property name="sun.management.compiler" value="HotSpot Client Compiler"/><property name="os.version" value="10.0"/><property name="swoval.tmpdir" value="C:\Users\soren\AppData\Local\Temp\.sbtff1fb780\swoval"/><property name="user.home" value="C:\Users\soren"/><property name="user.timezone" value="Europe/Paris"/><property name="java.awt.printerjob" value="sun.awt.windows.WPrinterJob"/><property name="file.encoding" value="UTF-8"/><property name="java.specification.version" value="1.8"/><property name="java.class.path" value="C:\Program Files (x86)\sbt\\bin\sbt-launch.jar"/><property name="user.name" value="soren"/><property name="jline.shutdownhook" value="false"/><property name="java.vm.specification.version" value="1.8"/><property name="sun.java.command" value="xsbt.boot.Boot test"/><property name="java.home" value="C:\Program Files (x86)\Eclipse Adoptium\jdk-8.0.412.8-hotspot\jre"/><property name="sun.arch.data.model" value="32"/><property name="user.language" value="en"/><property name="java.specification.vendor" value="Oracle Corporation"/><property name="awt.toolkit" value="sun.awt.windows.WToolkit"/><property name="java.vm.info" value="mixed mode"/><property name="java.version" value="1.8.0_412"/><property name="java.ext.dirs" value="C:\Program Files (x86)\Eclipse Adoptium\jdk-8.0.412.8-hotspot\jre\lib\ext;C:\WINDOWS\Sun\Java\lib\ext"/><property name="sun.boot.class.path" value="C:\Program Files (x86)\Eclipse Adoptium\jdk-8.0.412.8-hotspot\jre\lib\resources.jar;C:\Program Files (x86)\Eclipse Adoptium\jdk-8.0.412.8-hotspot\jre\lib\rt.jar;C:\Program Files (x86)\Eclipse Adoptium\jdk-8.0.412.8-hotspot\jre\lib\sunrsasign.jar;C:\Program Files (x86)\Eclipse Adoptium\jdk-8.0.412.8-hotspot\jre\lib\jsse.jar;C:\Program Files (x86)\Eclipse Adoptium\jdk-8.0.412.8-hotspot\jre\lib\jce.jar;C:\Program Files (x86)\Eclipse Adoptium\jdk-8.0.412.8-hotspot\jre\lib\charsets.jar;C:\Program Files (x86)\Eclipse Adoptium\jdk-8.0.412.8-hotspot\jre\lib\jfr.jar;C:\Program Files (x86)\Eclipse Adoptium\jdk-8.0.412.8-hotspot\jre\classes"/><property name="java.vendor" value="Temurin"/><property name="sun.stderr.encoding" value="cp437"/><property name="java.specification.maintenance.version" value="5"/><property name="file.separator" value="\"/><property name="java.vendor.url.bug" value="https://github.com/adoptium/adoptium-support/issues"/><property name="sun.io.unicode.encoding" value="UnicodeLittle"/><property name="sun.cpu.endian" value="little"/><property name="sun.stdout.encoding" value="cp437"/><property name="sun.desktop" value="windows"/><property name="sun.cpu.isalist" value="pentium_pro+mmx pentium_pro pentium+mmx pentium i486 i386 i86"/>
    </properties>
          <testcase classname="tester" name="Bullet test should pass" time="8.609">
                      
                    </testcase>
          <system-out><![CDATA[]]></system-out>
          <system-err><![CDATA[]]></system-err>
        </testsuite>